<?xml version="1.0" encoding="UTF-8"?>
<!-- Generated by org.testng.reporters.JUnitXMLReporter -->
<testsuite ignored="0" hostname="Vietnam-4643" failures="0" tests="4" name="Suite 1" time="11.452" errors="0" timestamp="2023-06-12T17:40:04 ICT">
  <testcase classname="com.example.demo.OpenBrowserTest" name="Open" time="5.737"/>
  <testcase classname="com.example.demo.LoginTest" name="loginTest" time="3.718"/>
  <testcase classname="com.example.demo.VerifyAccountTest" name="verifyAccount" time="0.048"/>
  <testcase classname="com.example.demo.NavigateAdminpageTest" name="navigateAdminpage" time="1.624"/>
</testsuite> <!-- Suite 1 -->
