<?xml version="1.0" encoding="UTF-8"?>
<!-- Generated by org.testng.reporters.JUnitXMLReporter -->
<testsuite ignored="0" hostname="Vietnam-4643" failures="0" tests="3" name="Test Suite 1" time="11.454" errors="0" timestamp="2023-06-07T16:50:33 ICT">
  <testcase classname="testSuite.Suite1" name="loginTest" time="3.479"/>
  <testcase classname="testSuite.Suite1" name="navigateAdminpage" time="1.69"/>
  <testcase classname="testSuite.Suite1" name="verifyAccount" time="0.865"/>
</testsuite> <!-- Test Suite 1 -->
