<?xml version="1.0" encoding="UTF-8"?>
<!-- Generated by org.testng.reporters.JUnitXMLReporter -->
<testsuite ignored="0" hostname="Vietnam-4643" failures="0" tests="3" name="Test Suite1" time="12.183" errors="0" timestamp="2023-06-07T13:55:44 ICT">
  <testcase classname="testSuite.Suite1" name="loginTest" time="3.359"/>
  <testcase classname="testSuite.Suite1" name="navigateAdminpage" time="1.591"/>
  <testcase classname="testSuite.Suite1" name="verifyAccount" time="0.559"/>
</testsuite> <!-- Test Suite1 -->
