<?xml version="1.0" encoding="UTF-8"?>
<testng-results ignored="0" total="5" passed="5" failed="0" skipped="0">
  <reporter-output>
  </reporter-output>
  <suite started-at="2023-06-07T16:50:21 ICT" name="Suite" finished-at="2023-06-07T16:51:25 ICT" duration-ms="64066">
    <groups>
    </groups>
    <test started-at="2023-06-07T16:50:21 ICT" name="Test Suite 1" finished-at="2023-06-07T16:50:33 ICT" duration-ms="11454">
      <class name="testSuite.Suite1">
        <test-method is-config="true" signature="beforeTest()[pri:0, instance:testSuite.Suite1@3246fb96]" started-at="2023-06-07T16:50:21 ICT" name="beforeTest" finished-at="2023-06-07T16:50:26 ICT" duration-ms="5171" status="PASS">
          <reporter-output>
          </reporter-output>
        </test-method> <!-- beforeTest -->
        <test-method signature="loginTest(java.lang.String,java.lang.String)[pri:0, instance:testSuite.Suite1@3246fb96]" started-at="2023-06-07T16:50:26 ICT" name="loginTest" data-provider="data" finished-at="2023-06-07T16:50:30 ICT" duration-ms="3479" status="PASS">
          <params>
            <param index="0">
              <value>
                <![CDATA[Admin]]>
              </value>
            </param>
            <param index="1">
              <value>
                <![CDATA[admin123]]>
              </value>
            </param>
          </params>
          <reporter-output>
          </reporter-output>
        </test-method> <!-- loginTest -->
        <test-method signature="navigateAdminpage()[pri:0, instance:testSuite.Suite1@3246fb96]" started-at="2023-06-07T16:50:30 ICT" name="navigateAdminpage" finished-at="2023-06-07T16:50:32 ICT" duration-ms="1690" status="PASS">
          <reporter-output>
          </reporter-output>
        </test-method> <!-- navigateAdminpage -->
        <test-method signature="verifyAccount()[pri:0, instance:testSuite.Suite1@3246fb96]" started-at="2023-06-07T16:50:32 ICT" name="verifyAccount" finished-at="2023-06-07T16:50:32 ICT" duration-ms="865" status="PASS">
          <reporter-output>
          </reporter-output>
        </test-method> <!-- verifyAccount -->
        <test-method is-config="true" signature="tearDown()[pri:0, instance:testSuite.Suite1@3246fb96]" started-at="2023-06-07T16:50:32 ICT" name="tearDown" finished-at="2023-06-07T16:50:33 ICT" duration-ms="210" status="PASS">
          <reporter-output>
          </reporter-output>
        </test-method> <!-- tearDown -->
      </class> <!-- testSuite.Suite1 -->
    </test> <!-- Test Suite 1 -->
    <test started-at="2023-06-07T16:50:33 ICT" name="Test Suite2" finished-at="2023-06-07T16:51:25 ICT" duration-ms="52554">
      <class name="testSuite.Suite2">
        <test-method is-config="true" signature="beforeTest()[pri:0, instance:testSuite.Suite2@48974e45]" started-at="2023-06-07T16:50:33 ICT" name="beforeTest" finished-at="2023-06-07T16:50:38 ICT" duration-ms="5016" status="PASS">
          <reporter-output>
          </reporter-output>
        </test-method> <!-- beforeTest -->
        <test-method signature="editTimesheetSuccessTest(java.lang.String,java.lang.String,java.lang.String,java.lang.String,java.lang.String,java.lang.String,java.lang.String,java.lang.String,java.lang.String,java.lang.String)[pri:0, instance:testSuite.Suite2@48974e45]" started-at="2023-06-07T16:50:38 ICT" name="editTimesheetSuccessTest" data-provider="dataTimesheet" finished-at="2023-06-07T16:51:02 ICT" duration-ms="23834" status="PASS">
          <params>
            <param index="0">
              <value>
                <![CDATA[Admin]]>
              </value>
            </param>
            <param index="1">
              <value>
                <![CDATA[admin123]]>
              </value>
            </param>
            <param index="2">
              <value>
                <![CDATA[coca]]>
              </value>
            </param>
            <param index="3">
              <value>
                <![CDATA[1]]>
              </value>
            </param>
            <param index="4">
              <value>
                <![CDATA[2]]>
              </value>
            </param>
            <param index="5">
              <value>
                <![CDATA[3]]>
              </value>
            </param>
            <param index="6">
              <value>
                <![CDATA[4]]>
              </value>
            </param>
            <param index="7">
              <value>
                <![CDATA[5]]>
              </value>
            </param>
            <param index="8">
              <value>
                <![CDATA[6]]>
              </value>
            </param>
            <param index="9">
              <value>
                <![CDATA[7]]>
              </value>
            </param>
          </params>
          <reporter-output>
          </reporter-output>
        </test-method> <!-- editTimesheetSuccessTest -->
        <test-method signature="punchInOutTest(java.lang.String,java.lang.String)[pri:0, instance:testSuite.Suite2@48974e45]" started-at="2023-06-07T16:51:02 ICT" name="punchInOutTest" data-provider="dataTimeInOut" finished-at="2023-06-07T16:51:25 ICT" duration-ms="23472" status="PASS">
          <params>
            <param index="0">
              <value>
                <![CDATA[05:00 PM]]>
              </value>
            </param>
            <param index="1">
              <value>
                <![CDATA[06:00 PM]]>
              </value>
            </param>
          </params>
          <reporter-output>
          </reporter-output>
        </test-method> <!-- punchInOutTest -->
        <test-method is-config="true" signature="tearDown()[pri:0, instance:testSuite.Suite2@48974e45]" started-at="2023-06-07T16:51:25 ICT" name="tearDown" finished-at="2023-06-07T16:51:25 ICT" duration-ms="227" status="PASS">
          <reporter-output>
          </reporter-output>
        </test-method> <!-- tearDown -->
      </class> <!-- testSuite.Suite2 -->
    </test> <!-- Test Suite2 -->
  </suite> <!-- Suite -->
</testng-results>
