<?xml version="1.0" encoding="UTF-8"?>
<testng-results ignored="0" total="6" passed="6" failed="0" skipped="0">
  <reporter-output>
  </reporter-output>
  <suite started-at="2023-06-12T17:40:04 ICT" name="Test Suite 2" finished-at="2023-06-12T17:40:53 ICT" duration-ms="49128">
    <groups>
    </groups>
    <test started-at="2023-06-12T17:40:04 ICT" name="Suite 2" finished-at="2023-06-12T17:40:53 ICT" duration-ms="49128">
      <class name="com.example.demo.EditTimesheetSuccessTest">
        <test-method signature="editTimesheetSuccessTest(java.lang.String,java.lang.String,java.lang.String,java.lang.String,java.lang.String,java.lang.String,java.lang.String,java.lang.String,java.lang.String,java.lang.String)[pri:0, instance:com.example.demo.EditTimesheetSuccessTest@2dde1bff]" started-at="2023-06-12T17:40:04 ICT" name="editTimesheetSuccessTest" data-provider="dataTimesheet" finished-at="2023-06-12T17:40:28 ICT" duration-ms="24508" status="PASS">
          <params>
            <param index="0">
              <value>
                <![CDATA[Admin]]>
              </value>
            </param>
            <param index="1">
              <value>
                <![CDATA[admin123]]>
              </value>
            </param>
            <param index="2">
              <value>
                <![CDATA[coca]]>
              </value>
            </param>
            <param index="3">
              <value>
                <![CDATA[1]]>
              </value>
            </param>
            <param index="4">
              <value>
                <![CDATA[2]]>
              </value>
            </param>
            <param index="5">
              <value>
                <![CDATA[3]]>
              </value>
            </param>
            <param index="6">
              <value>
                <![CDATA[4]]>
              </value>
            </param>
            <param index="7">
              <value>
                <![CDATA[5]]>
              </value>
            </param>
            <param index="8">
              <value>
                <![CDATA[6]]>
              </value>
            </param>
            <param index="9">
              <value>
                <![CDATA[7]]>
              </value>
            </param>
          </params>
          <reporter-output>
          </reporter-output>
        </test-method> <!-- editTimesheetSuccessTest -->
      </class> <!-- com.example.demo.EditTimesheetSuccessTest -->
      <class name="com.example.demo.PunchINOUTTest">
        <test-method signature="punchInOutTest(java.lang.String,java.lang.String)[pri:0, instance:com.example.demo.PunchINOUTTest@15bbf42f]" started-at="2023-06-12T17:40:28 ICT" name="punchInOutTest" data-provider="dataTimeInOut" finished-at="2023-06-12T17:40:53 ICT" duration-ms="24319" status="PASS">
          <params>
            <param index="0">
              <value>
                <![CDATA[05:45 PM]]>
              </value>
            </param>
            <param index="1">
              <value>
                <![CDATA[06:00 PM]]>
              </value>
            </param>
          </params>
          <reporter-output>
          </reporter-output>
        </test-method> <!-- punchInOutTest -->
        <test-method is-config="true" signature="tearDown()[pri:0, instance:com.example.demo.PunchINOUTTest@15bbf42f]" started-at="2023-06-12T17:40:53 ICT" name="tearDown" finished-at="2023-06-12T17:40:53 ICT" duration-ms="298" status="PASS">
          <reporter-output>
          </reporter-output>
        </test-method> <!-- tearDown -->
      </class> <!-- com.example.demo.PunchINOUTTest -->
    </test> <!-- Suite 2 -->
  </suite> <!-- Test Suite 2 -->
  <suite started-at="2023-06-12T17:40:53 ICT" name="All Test Suite" finished-at="2023-06-12T17:40:53 ICT" duration-ms="0">
    <groups>
    </groups>
  </suite> <!-- All Test Suite -->
  <suite started-at="2023-06-12T17:39:52 ICT" name="Test Suite 1" finished-at="2023-06-12T17:40:04 ICT" duration-ms="11452">
    <groups>
    </groups>
    <test started-at="2023-06-12T17:39:52 ICT" name="Suite 1" finished-at="2023-06-12T17:40:04 ICT" duration-ms="11452">
      <class name="com.example.demo.VerifyAccountTest">
        <test-method signature="verifyAccount(java.lang.String,java.lang.String)[pri:0, instance:com.example.demo.VerifyAccountTest@5552768b]" started-at="2023-06-12T17:40:02 ICT" name="verifyAccount" data-provider="data" finished-at="2023-06-12T17:40:02 ICT" duration-ms="48" status="PASS">
          <params>
            <param index="0">
              <value>
                <![CDATA[Admin]]>
              </value>
            </param>
            <param index="1">
              <value>
                <![CDATA[admin123]]>
              </value>
            </param>
          </params>
          <reporter-output>
          </reporter-output>
        </test-method> <!-- verifyAccount -->
      </class> <!-- com.example.demo.VerifyAccountTest -->
      <class name="com.example.demo.NavigateAdminpageTest">
        <test-method signature="navigateAdminpage(java.lang.String,java.lang.String)[pri:0, instance:com.example.demo.NavigateAdminpageTest@61386958]" started-at="2023-06-12T17:40:02 ICT" name="navigateAdminpage" data-provider="data" finished-at="2023-06-12T17:40:03 ICT" duration-ms="1624" status="PASS">
          <params>
            <param index="0">
              <value>
                <![CDATA[Admin]]>
              </value>
            </param>
            <param index="1">
              <value>
                <![CDATA[admin123]]>
              </value>
            </param>
          </params>
          <reporter-output>
          </reporter-output>
        </test-method> <!-- navigateAdminpage -->
        <test-method is-config="true" signature="tearDown()[pri:0, instance:com.example.demo.NavigateAdminpageTest@61386958]" started-at="2023-06-12T17:40:03 ICT" name="tearDown" finished-at="2023-06-12T17:40:04 ICT" duration-ms="271" status="PASS">
          <reporter-output>
          </reporter-output>
        </test-method> <!-- tearDown -->
      </class> <!-- com.example.demo.NavigateAdminpageTest -->
      <class name="com.example.demo.LoginTest">
        <test-method signature="loginTest(java.lang.String,java.lang.String)[pri:0, instance:com.example.demo.LoginTest@671a5887]" started-at="2023-06-12T17:39:58 ICT" name="loginTest" data-provider="data" finished-at="2023-06-12T17:40:02 ICT" duration-ms="3718" status="PASS">
          <params>
            <param index="0">
              <value>
                <![CDATA[Admin]]>
              </value>
            </param>
            <param index="1">
              <value>
                <![CDATA[admin123]]>
              </value>
            </param>
          </params>
          <reporter-output>
          </reporter-output>
        </test-method> <!-- loginTest -->
      </class> <!-- com.example.demo.LoginTest -->
      <class name="com.example.demo.OpenBrowserTest">
        <test-method signature="Open()[pri:0, instance:com.example.demo.OpenBrowserTest@50caa560]" started-at="2023-06-12T17:39:52 ICT" name="Open" finished-at="2023-06-12T17:39:58 ICT" duration-ms="5737" status="PASS">
          <reporter-output>
          </reporter-output>
        </test-method> <!-- Open -->
      </class> <!-- com.example.demo.OpenBrowserTest -->
    </test> <!-- Suite 1 -->
  </suite> <!-- Test Suite 1 -->
</testng-results>
